{
  "uid" : "bb3fdc215ac4ed2d",
  "name" : "test_login01[tianmeng-123456]",
  "fullName" : "test_case.test_cases.TestCase#test_login01",
  "historyId" : "702359648250d6a978f2ea477aea838e",
  "time" : {
    "start" : 1596043459987,
    "stop" : 1596043469636,
    "duration" : 9649
  },
  "status" : "failed",
  "statusMessage" : "AssertionError: assert False == True\n +  where False = <bound method Login.assert_txt of <page_object.login.Login object at 0x0000015FF9FB9F88>>()\n +    where <bound method Login.assert_txt of <page_object.login.Login object at 0x0000015FF9FB9F88>> = <page_object.login.Login object at 0x0000015FF9FB9F88>.assert_txt\n +      where <page_object.login.Login object at 0x0000015FF9FB9F88> = <test_case.test_cases.TestCase object at 0x0000015FF9FE4448>.lp",
  "statusTrace" : "self = <test_case.test_cases.TestCase object at 0x0000015FF9FE4448>\nusername = 'tianmeng', password = 123456\n\n    @pytest.mark.parametrize('username,password', data)\n    def test_login01(self,username,password):\n        self.lp.login(username, password)\n>       assert self.lp.assert_txt() == True\nE       assert False == True\nE        +  where False = <bound method Login.assert_txt of <page_object.login.Login object at 0x0000015FF9FB9F88>>()\nE        +    where <bound method Login.assert_txt of <page_object.login.Login object at 0x0000015FF9FB9F88>> = <page_object.login.Login object at 0x0000015FF9FB9F88>.assert_txt\nE        +      where <page_object.login.Login object at 0x0000015FF9FB9F88> = <test_case.test_cases.TestCase object at 0x0000015FF9FE4448>.lp\n\n..\\test_case\\test_cases.py:31: AssertionError",
  "flaky" : false,
  "newFailed" : false,
  "beforeStages" : [ {
    "name" : "_Class__pytest_setup_class",
    "time" : {
      "start" : 1596043428932,
      "stop" : 1596043428932,
      "duration" : 0
    },
    "status" : "passed",
    "steps" : [ ],
    "attachments" : [ ],
    "parameters" : [ ],
    "stepsCount" : 0,
    "hasContent" : false,
    "attachmentsCount" : 0,
    "shouldDisplayMessage" : false
  } ],
  "testStage" : {
    "status" : "failed",
    "statusMessage" : "AssertionError: assert False == True\n +  where False = <bound method Login.assert_txt of <page_object.login.Login object at 0x0000015FF9FB9F88>>()\n +    where <bound method Login.assert_txt of <page_object.login.Login object at 0x0000015FF9FB9F88>> = <page_object.login.Login object at 0x0000015FF9FB9F88>.assert_txt\n +      where <page_object.login.Login object at 0x0000015FF9FB9F88> = <test_case.test_cases.TestCase object at 0x0000015FF9FE4448>.lp",
    "statusTrace" : "self = <test_case.test_cases.TestCase object at 0x0000015FF9FE4448>\nusername = 'tianmeng', password = 123456\n\n    @pytest.mark.parametrize('username,password', data)\n    def test_login01(self,username,password):\n        self.lp.login(username, password)\n>       assert self.lp.assert_txt() == True\nE       assert False == True\nE        +  where False = <bound method Login.assert_txt of <page_object.login.Login object at 0x0000015FF9FB9F88>>()\nE        +    where <bound method Login.assert_txt of <page_object.login.Login object at 0x0000015FF9FB9F88>> = <page_object.login.Login object at 0x0000015FF9FB9F88>.assert_txt\nE        +      where <page_object.login.Login object at 0x0000015FF9FB9F88> = <test_case.test_cases.TestCase object at 0x0000015FF9FE4448>.lp\n\n..\\test_case\\test_cases.py:31: AssertionError",
    "steps" : [ ],
    "attachments" : [ {
      "uid" : "932d163b4877cce8",
      "name" : "log",
      "source" : "932d163b4877cce8.txt",
      "type" : "text/plain",
      "size" : 570
    } ],
    "parameters" : [ ],
    "stepsCount" : 0,
    "hasContent" : true,
    "attachmentsCount" : 1,
    "shouldDisplayMessage" : true
  },
  "afterStages" : [ {
    "name" : "_Class__pytest_setup_class::0",
    "time" : {
      "start" : 1596043470893,
      "stop" : 1596043470896,
      "duration" : 3
    },
    "status" : "broken",
    "statusMessage" : "AttributeError: type object 'TestCase' has no attribute 'driver'\n",
    "statusTrace" : "  File \"D:\\python\\lib\\site-packages\\allure_commons\\_allure.py\", line 185, in __call__\n    return self._fixture_function(*args, **kwargs)\n  File \"D:\\python\\lib\\site-packages\\_pytest\\fixtures.py\", line 800, in _teardown_yield_fixture\n    next(it)\n  File \"D:\\python\\lib\\site-packages\\_pytest\\python.py\", line 705, in xunit_setup_class_fixture\n    _call_with_optional_argument(func, self.obj)\n  File \"D:\\python\\lib\\site-packages\\_pytest\\python.py\", line 632, in _call_with_optional_argument\n    func(arg)\n  File \"D:\\appium_PO_kaoyan\\test_case\\test_cases.py\", line 23, in teardown_class\n    Common(cls.driver).send_email('../report/pytest_report.html')\n",
    "steps" : [ ],
    "attachments" : [ ],
    "parameters" : [ ],
    "stepsCount" : 0,
    "hasContent" : true,
    "attachmentsCount" : 0,
    "shouldDisplayMessage" : true
  } ],
  "labels" : [ {
    "name" : "parentSuite",
    "value" : "test_case"
  }, {
    "name" : "suite",
    "value" : "test_cases"
  }, {
    "name" : "subSuite",
    "value" : "TestCase"
  }, {
    "name" : "host",
    "value" : "LAPTOP-JHEF7VRV"
  }, {
    "name" : "thread",
    "value" : "12040-MainThread"
  }, {
    "name" : "framework",
    "value" : "pytest"
  }, {
    "name" : "language",
    "value" : "cpython3"
  }, {
    "name" : "package",
    "value" : "test_case.test_cases"
  }, {
    "name" : "resultFormat",
    "value" : "allure2"
  } ],
  "parameters" : [ {
    "name" : "password",
    "value" : "123456"
  }, {
    "name" : "username",
    "value" : "'tianmeng'"
  } ],
  "links" : [ ],
  "hidden" : true,
  "retry" : true,
  "extra" : {
    "categories" : [ ],
    "tags" : [ ]
  },
  "source" : "bb3fdc215ac4ed2d.json",
  "parameterValues" : [ "123456", "'tianmeng'" ]
}